2023-06-20 17:14:43.741 [info] Log level: Info
2023-06-20 17:14:43.741 [info] Validating found git in: "git"
2023-06-20 17:14:43.741 [info] Using git "2.34.1" from "git"
2023-06-20 17:14:43.741 [info] > git rev-parse --show-toplevel [27ms]
2023-06-20 17:14:43.741 [info] fatal: not a git repository (or any of the parent directories): .git
2023-06-20 17:14:43.741 [info] > git rev-parse --show-toplevel [1ms]
2023-06-20 17:14:43.741 [info] fatal: not a git repository (or any of the parent directories): .git
2023-06-20 17:14:43.762 [info] > git rev-parse --show-toplevel [22ms]
2023-06-20 17:14:43.762 [info] fatal: not a git repository (or any of the parent directories): .git
2023-06-20 17:14:43.770 [info] > git rev-parse --show-toplevel [4ms]
2023-06-20 17:14:43.770 [info] fatal: not a git repository (or any of the parent directories): .git
2023-06-20 17:14:43.777 [info] > git rev-parse --show-toplevel [3ms]
2023-06-20 17:14:43.777 [info] fatal: not a git repository (or any of the parent directories): .git
2023-06-20 17:14:43.782 [info] > git rev-parse --show-toplevel [1ms]
2023-06-20 17:14:43.782 [info] fatal: not a git repository (or any of the parent directories): .git
2023-06-20 17:14:43.932 [info] > git rev-parse --show-toplevel [6ms]
2023-06-20 17:14:43.932 [info] fatal: not a git repository (or any of the parent directories): .git
2023-06-20 17:15:09.794 [info] > git rev-parse --show-toplevel [5ms]
2023-06-20 17:15:09.796 [info] fatal: not a git repository (or any of the parent directories): .git
2023-06-20 17:16:06.030 [info] > git rev-parse --show-toplevel [2ms]
2023-06-20 17:16:06.030 [info] fatal: not a git repository (or any of the parent directories): .git
2023-06-20 17:30:15.517 [info] > git rev-parse --show-toplevel [12ms]
2023-06-20 17:30:15.517 [info] fatal: not a git repository (or any of the parent directories): .git
2023-06-20 17:30:46.223 [info] > git rev-parse --show-toplevel [1ms]
2023-06-20 17:30:46.223 [info] fatal: not a git repository (or any of the parent directories): .git
2023-06-20 17:30:57.195 [info] > git rev-parse --show-toplevel [2ms]
2023-06-20 17:30:57.195 [info] fatal: not a git repository (or any of the parent directories): .git
2023-06-20 17:30:57.489 [info] > git rev-parse --show-toplevel [4ms]
2023-06-20 17:30:57.489 [info] fatal: not a git repository (or any of the parent directories): .git
2023-06-20 17:32:09.640 [info] > git rev-parse --show-toplevel [2ms]
2023-06-20 17:32:09.640 [info] fatal: not a git repository (or any of the parent directories): .git
2023-06-20 17:32:09.874 [info] > git rev-parse --show-toplevel [2ms]
2023-06-20 17:32:09.874 [info] fatal: not a git repository (or any of the parent directories): .git
2023-06-20 17:34:15.065 [info] > git rev-parse --show-toplevel [2ms]
2023-06-20 17:34:15.065 [info] fatal: not a git repository (or any of the parent directories): .git
2023-06-20 17:35:36.042 [info] > git rev-parse --show-toplevel [2ms]
2023-06-20 17:35:36.043 [info] fatal: not a git repository (or any of the parent directories): .git
2023-06-20 17:35:41.694 [info] > git rev-parse --show-toplevel [0ms]
2023-06-20 17:35:41.694 [info] fatal: not a git repository (or any of the parent directories): .git
2023-06-20 17:35:47.670 [info] > git rev-parse --show-toplevel [2ms]
2023-06-20 17:35:47.670 [info] fatal: not a git repository (or any of the parent directories): .git
2023-06-20 17:35:53.098 [info] > git rev-parse --show-toplevel [1ms]
2023-06-20 17:35:53.098 [info] fatal: not a git repository (or any of the parent directories): .git
2023-06-20 17:41:27.133 [info] > git rev-parse --show-toplevel [2ms]
2023-06-20 17:41:27.133 [info] fatal: not a git repository (or any of the parent directories): .git
2023-06-20 17:41:58.889 [info] > git rev-parse --show-toplevel [2ms]
2023-06-20 17:41:58.889 [info] fatal: not a git repository (or any of the parent directories): .git
2023-06-20 17:42:28.386 [info] > git rev-parse --show-toplevel [2ms]
2023-06-20 17:42:28.386 [info] fatal: not a git repository (or any of the parent directories): .git
