2023-06-22 21:17:28.511 [info] Log level: Info
2023-06-22 21:17:28.511 [info] Validating found git in: "git"
2023-06-22 21:17:28.511 [info] Using git "2.34.1" from "git"
2023-06-22 21:17:28.511 [info] > git rev-parse --show-toplevel [64ms]
2023-06-22 21:17:28.513 [info] > git rev-parse --git-dir --git-common-dir [3ms]
2023-06-22 21:17:28.523 [info] Open repository: /root
2023-06-22 21:17:28.573 [info] > git rev-parse --show-toplevel [44ms]
2023-06-22 21:17:28.586 [info] > git rev-parse --show-toplevel [9ms]
2023-06-22 21:17:28.592 [info] > git config --get commit.template [56ms]
2023-06-22 21:17:28.595 [info] > git rev-parse --show-toplevel [4ms]
2023-06-22 21:17:28.613 [info] > git rev-parse --show-toplevel [14ms]
2023-06-22 21:17:28.620 [info] > git rev-parse --show-toplevel [2ms]
2023-06-22 21:17:28.626 [info] > git for-each-ref --format=%(refname)%00%(upstream:short)%00%(objectname)%00%(upstream:track)%00%(upstream:remotename)%00%(upstream:remoteref) refs/heads/master refs/remotes/master [21ms]
2023-06-22 21:17:28.633 [info] > git rev-parse --show-toplevel [8ms]
2023-06-22 21:17:28.638 [info] > git rev-parse --show-toplevel [1ms]
2023-06-22 21:17:28.643 [info] > git rev-parse --git-dir --git-common-dir [1ms]
2023-06-22 21:17:28.647 [info] Open repository: /root/snap
2023-06-22 21:17:28.658 [info] > git config --get commit.template [0ms]
2023-06-22 21:17:28.664 [info] > git for-each-ref --format=%(refname)%00%(upstream:short)%00%(objectname)%00%(upstream:track)%00%(upstream:remotename)%00%(upstream:remoteref) refs/heads/master refs/remotes/master [2ms]
2023-06-22 21:17:28.672 [info] > git status -z -uall [3ms]
2023-06-22 21:17:28.687 [info] > git config --get commit.template [3ms]
2023-06-22 21:17:28.692 [info] > git for-each-ref --format=%(refname)%00%(upstream:short)%00%(objectname)%00%(upstream:track)%00%(upstream:remotename)%00%(upstream:remoteref) refs/heads/master refs/remotes/master [1ms]
2023-06-22 21:17:28.697 [info] > git status -z -uall [1ms]
2023-06-22 21:17:28.970 [info] > git show --textconv :web.html [7ms]
2023-06-22 21:17:28.971 [info] > git ls-files --stage -- /root/web.html [2ms]
2023-06-22 21:17:28.977 [info] > git cat-file -s 44b2f49a0d38d6eca488555ced90ae3dcff88c01 [1ms]
2023-06-22 21:17:29.004 [info] > git status -z -uall [372ms]
2023-06-22 21:17:29.102 [info] > git config --get commit.template [9ms]
2023-06-22 21:17:29.109 [info] > git for-each-ref --format=%(refname)%00%(upstream:short)%00%(objectname)%00%(upstream:track)%00%(upstream:remotename)%00%(upstream:remoteref) refs/heads/master refs/remotes/master [2ms]
2023-06-22 21:17:29.687 [info] > git check-ignore -v -z --stdin [23ms]
2023-06-22 21:17:29.689 [info] > git check-ignore -v -z --stdin [19ms]
2023-06-22 21:17:29.690 [info] > git status -z -uall [577ms]
2023-06-22 21:17:32.765 [info] > git config --get commit.template [1ms]
2023-06-22 21:17:32.772 [info] > git for-each-ref --format=%(refname)%00%(upstream:short)%00%(objectname)%00%(upstream:track)%00%(upstream:remotename)%00%(upstream:remoteref) refs/heads/master refs/remotes/master [1ms]
2023-06-22 21:17:32.807 [info] > git status -z -uall [27ms]
2023-06-22 21:17:37.874 [info] > git config --get commit.template [2ms]
2023-06-22 21:17:37.881 [info] > git for-each-ref --format=%(refname)%00%(upstream:short)%00%(objectname)%00%(upstream:track)%00%(upstream:remotename)%00%(upstream:remoteref) refs/heads/master refs/remotes/master [1ms]
2023-06-22 21:17:37.910 [info] > git status -z -uall [23ms]
2023-06-22 21:17:42.967 [info] > git config --get commit.template [1ms]
2023-06-22 21:17:42.975 [info] > git for-each-ref --format=%(refname)%00%(upstream:short)%00%(objectname)%00%(upstream:track)%00%(upstream:remotename)%00%(upstream:remoteref) refs/heads/master refs/remotes/master [1ms]
2023-06-22 21:17:43.007 [info] > git status -z -uall [26ms]
2023-06-22 21:17:48.767 [info] > git config --get commit.template [2ms]
2023-06-22 21:17:48.775 [info] > git for-each-ref --format=%(refname)%00%(upstream:short)%00%(objectname)%00%(upstream:track)%00%(upstream:remotename)%00%(upstream:remoteref) refs/heads/master refs/remotes/master [1ms]
2023-06-22 21:17:48.803 [info] > git status -z -uall [22ms]
2023-06-22 21:17:53.869 [info] > git config --get commit.template [10ms]
2023-06-22 21:17:53.870 [info] > git for-each-ref --format=%(refname)%00%(upstream:short)%00%(objectname)%00%(upstream:track)%00%(upstream:remotename)%00%(upstream:remoteref) refs/heads/master refs/remotes/master [1ms]
2023-06-22 21:17:53.902 [info] > git status -z -uall [25ms]
2023-06-22 21:18:01.117 [info] > git config --get commit.template [4ms]
2023-06-22 21:18:01.125 [info] > git for-each-ref --format=%(refname)%00%(upstream:short)%00%(objectname)%00%(upstream:track)%00%(upstream:remotename)%00%(upstream:remoteref) refs/heads/master refs/remotes/master [1ms]
2023-06-22 21:18:01.152 [info] > git status -z -uall [21ms]
2023-06-22 21:18:07.816 [info] > git config --get commit.template [8ms]
2023-06-22 21:18:07.817 [info] > git for-each-ref --format=%(refname)%00%(upstream:short)%00%(objectname)%00%(upstream:track)%00%(upstream:remotename)%00%(upstream:remoteref) refs/heads/master refs/remotes/master [1ms]
2023-06-22 21:18:07.847 [info] > git status -z -uall [21ms]
2023-06-22 21:18:12.898 [info] > git config --get commit.template [1ms]
2023-06-22 21:18:12.906 [info] > git for-each-ref --format=%(refname)%00%(upstream:short)%00%(objectname)%00%(upstream:track)%00%(upstream:remotename)%00%(upstream:remoteref) refs/heads/master refs/remotes/master [0ms]
2023-06-22 21:18:12.931 [info] > git status -z -uall [19ms]
2023-06-22 21:18:17.983 [info] > git config --get commit.template [1ms]
2023-06-22 21:18:17.990 [info] > git for-each-ref --format=%(refname)%00%(upstream:short)%00%(objectname)%00%(upstream:track)%00%(upstream:remotename)%00%(upstream:remoteref) refs/heads/master refs/remotes/master [1ms]
2023-06-22 21:18:18.015 [info] > git status -z -uall [21ms]
2023-06-22 21:18:23.073 [info] > git config --get commit.template [8ms]
2023-06-22 21:18:23.073 [info] > git for-each-ref --format=%(refname)%00%(upstream:short)%00%(objectname)%00%(upstream:track)%00%(upstream:remotename)%00%(upstream:remoteref) refs/heads/master refs/remotes/master [1ms]
2023-06-22 21:18:23.103 [info] > git status -z -uall [24ms]
