2023-06-22 21:17:27.505 [info] Extension host with pid 3120 started
2023-06-22 21:17:27.527 [info] Lock '/root/.vscode-server/data/User/workspaceStorage/7357c8406dd7ab776bfe1fd154ad47e5/vscode.lock': Lock acquired.
2023-06-22 21:17:27.593 [info] ExtensionService#_doActivateExtension vscode.emmet, startup: false, activationEvent: 'onLanguage'
2023-06-22 21:17:27.595 [info] ExtensionService#_doActivateExtension vscode.html-language-features, startup: false, activationEvent: 'onLanguage:html'
2023-06-22 21:17:28.279 [info] ExtensionService#_doActivateExtension vscode.git-base, startup: true, activationEvent: '*', root cause: vscode.git
2023-06-22 21:17:28.298 [info] ExtensionService#_doActivateExtension vscode.git, startup: true, activationEvent: '*'
2023-06-22 21:17:28.298 [info] ExtensionService#_doActivateExtension vscode.github, startup: true, activationEvent: '*'
2023-06-22 21:17:28.442 [info] Eager extensions activated
2023-06-22 21:17:28.443 [info] ExtensionService#_doActivateExtension vscode.debug-auto-launch, startup: false, activationEvent: 'onStartupFinished'
2023-06-22 21:17:28.443 [info] ExtensionService#_doActivateExtension vscode.merge-conflict, startup: false, activationEvent: 'onStartupFinished'
2023-06-22 21:17:28.444 [info] ExtensionService#_doActivateExtension ritwickdey.LiveServer, startup: false, activationEvent: 'onStartupFinished'
2023-06-22 21:17:29.075 [warning] [Decorations] CAPPING events from decorations provider vscode.git 6312
2023-06-22 21:17:29.754 [warning] [Decorations] CAPPING events from decorations provider vscode.git 6312
2023-06-22 21:17:32.854 [warning] [Decorations] CAPPING events from decorations provider vscode.git 6312
2023-06-22 21:17:37.943 [warning] [Decorations] CAPPING events from decorations provider vscode.git 6312
2023-06-22 21:17:43.046 [warning] [Decorations] CAPPING events from decorations provider vscode.git 6312
2023-06-22 21:17:48.839 [warning] [Decorations] CAPPING events from decorations provider vscode.git 6312
2023-06-22 21:17:53.936 [warning] [Decorations] CAPPING events from decorations provider vscode.git 6312
2023-06-22 21:18:01.187 [warning] [Decorations] CAPPING events from decorations provider vscode.git 6312
2023-06-22 21:18:07.880 [warning] [Decorations] CAPPING events from decorations provider vscode.git 6312
2023-06-22 21:18:12.966 [warning] [Decorations] CAPPING events from decorations provider vscode.git 6312
2023-06-22 21:18:18.047 [warning] [Decorations] CAPPING events from decorations provider vscode.git 6312
2023-06-22 21:18:23.151 [warning] [Decorations] CAPPING events from decorations provider vscode.git 6314
