2023-06-20 17:58:55.951 [info] Extension host with pid 9829 started
2023-06-20 17:58:55.984 [info] Lock '/root/.vscode-server/data/User/workspaceStorage/7357c8406dd7ab776bfe1fd154ad47e5/vscode.lock': Lock acquired.
2023-06-20 17:58:56.031 [info] ExtensionService#_doActivateExtension vscode.html-language-features, startup: false, activationEvent: 'onLanguage:html'
2023-06-20 17:58:56.033 [info] ExtensionService#_doActivateExtension vscode.emmet, startup: false, activationEvent: 'onLanguage'
2023-06-20 17:58:56.656 [info] ExtensionService#_doActivateExtension vscode.git-base, startup: true, activationEvent: '*', root cause: vscode.git
2023-06-20 17:58:56.838 [info] ExtensionService#_doActivateExtension vscode.git, startup: true, activationEvent: '*'
2023-06-20 17:58:56.838 [info] ExtensionService#_doActivateExtension vscode.github, startup: true, activationEvent: '*'
2023-06-20 17:58:56.961 [info] Eager extensions activated
2023-06-20 17:58:56.962 [info] ExtensionService#_doActivateExtension vscode.debug-auto-launch, startup: false, activationEvent: 'onStartupFinished'
2023-06-20 17:58:56.962 [info] ExtensionService#_doActivateExtension vscode.merge-conflict, startup: false, activationEvent: 'onStartupFinished'
2023-06-20 17:58:56.963 [info] ExtensionService#_doActivateExtension ritwickdey.LiveServer, startup: false, activationEvent: 'onStartupFinished'
2023-06-20 17:59:01.303 [error] Error: spawn /mnt/c/Program Files/Google/Chrome/Application/chrome.exe ENOENT
	at Process.ChildProcess._handle.onexit (node:internal/child_process:283:19)
	at onErrorNT (node:internal/child_process:478:16)
	at processTicksAndRejections (node:internal/process/task_queues:83:21)
2023-06-20 17:59:17.398 [error] Error: spawn /mnt/c/Program Files/Google/Chrome/Application/chrome.exe ENOENT
	at Process.ChildProcess._handle.onexit (node:internal/child_process:283:19)
	at onErrorNT (node:internal/child_process:478:16)
	at processTicksAndRejections (node:internal/process/task_queues:83:21)
2023-06-20 18:03:32.999 [error] Error: spawn /mnt/c/Program Files/Google/Chrome/Application/chrome.exe ENOENT
	at Process.ChildProcess._handle.onexit (node:internal/child_process:283:19)
	at onErrorNT (node:internal/child_process:478:16)
	at processTicksAndRejections (node:internal/process/task_queues:83:21)
2023-06-20 18:04:06.632 [info] ExtensionService#_doActivateExtension vscode.json-language-features, startup: false, activationEvent: 'onLanguage:jsonc'
2023-06-20 18:04:06.633 [info] ExtensionService#_doActivateExtension vscode.typescript-language-features, startup: false, activationEvent: 'onLanguage:jsonc'
2023-06-20 18:14:11.912 [info] Extension host terminating: received terminate message from renderer
2023-06-20 18:14:11.912 [info] Lock '/root/.vscode-server/data/User/workspaceStorage/7357c8406dd7ab776bfe1fd154ad47e5/vscode.lock': Marking the lockfile as scheduled to be released in 6000 ms.
2023-06-20 18:14:11.974 [info] Extension host with pid 9829 exiting with code 0
