2023-06-20 17:58:04.753 [info] Extension host with pid 9674 started
2023-06-20 17:58:04.796 [info] Lock '/root/.vscode-server/data/User/workspaceStorage/7357c8406dd7ab776bfe1fd154ad47e5/vscode.lock': Lock acquired.
2023-06-20 17:58:04.902 [info] ExtensionService#_doActivateExtension vscode.emmet, startup: false, activationEvent: 'onLanguage'
2023-06-20 17:58:04.903 [info] ExtensionService#_doActivateExtension vscode.html-language-features, startup: false, activationEvent: 'onLanguage:html'
2023-06-20 17:58:05.495 [info] ExtensionService#_doActivateExtension vscode.git-base, startup: true, activationEvent: '*', root cause: vscode.git
2023-06-20 17:58:05.662 [info] ExtensionService#_doActivateExtension vscode.git, startup: true, activationEvent: '*'
2023-06-20 17:58:05.662 [info] ExtensionService#_doActivateExtension vscode.github, startup: true, activationEvent: '*'
2023-06-20 17:58:05.826 [info] Eager extensions activated
2023-06-20 17:58:05.827 [info] ExtensionService#_doActivateExtension vscode.debug-auto-launch, startup: false, activationEvent: 'onStartupFinished'
2023-06-20 17:58:05.827 [info] ExtensionService#_doActivateExtension vscode.merge-conflict, startup: false, activationEvent: 'onStartupFinished'
2023-06-20 17:58:05.828 [info] ExtensionService#_doActivateExtension ritwickdey.LiveServer, startup: false, activationEvent: 'onStartupFinished'
2023-06-20 17:58:31.974 [error] Error: spawn /mnt/c/Program Files/Google/Chrome/Application/chrome.exe ENOENT
	at Process.ChildProcess._handle.onexit (node:internal/child_process:283:19)
	at onErrorNT (node:internal/child_process:478:16)
	at processTicksAndRejections (node:internal/process/task_queues:83:21)
2023-06-20 17:58:40.294 [error] Error: spawn /mnt/c/Program Files/Google/Chrome/Application/chrome.exe ENOENT
	at Process.ChildProcess._handle.onexit (node:internal/child_process:283:19)
	at onErrorNT (node:internal/child_process:478:16)
	at processTicksAndRejections (node:internal/process/task_queues:83:21)
2023-06-20 17:58:41.715 [info] Extension host terminating: received terminate message from renderer
2023-06-20 17:58:41.716 [info] Lock '/root/.vscode-server/data/User/workspaceStorage/7357c8406dd7ab776bfe1fd154ad47e5/vscode.lock': Marking the lockfile as scheduled to be released in 6000 ms.
2023-06-20 17:58:41.739 [info] Extension host with pid 9674 exiting with code 0
